<?xml version="1.0" encoding="UTF-8"?>
<testng-results ignored="0" total="1" passed="1" failed="0" skipped="0">
  <reporter-output>
  </reporter-output>
  <suite started-at="2024-11-25T15:35:46 IST" name="Default suite" finished-at="2024-11-25T15:38:29 IST" duration-ms="163509">
    <groups>
      <group name="cucumber">
        <method signature="AbstractTestNGCucumberTests.runScenario(io.cucumber.testng.PickleWrapper,io.cucumber.testng.FeatureWrapper)[pri:0, instance:testRunner.RunnerTestNG@17fc391b]" name="runScenario" class="io.cucumber.testng.AbstractTestNGCucumberTests"/>
      </group> <!-- cucumber -->
    </groups>
    <test started-at="2024-11-25T15:35:46 IST" name="Default test" finished-at="2024-11-25T15:38:29 IST" duration-ms="163509">
      <class name="testRunner.RunnerTestNG">
        <test-method is-config="true" signature="setUpClass(org.testng.ITestContext)[pri:0, instance:testRunner.RunnerTestNG@17fc391b]" started-at="2024-11-25T15:35:46 IST" name="setUpClass" finished-at="2024-11-25T15:35:46 IST" duration-ms="606" status="PASS">
          <params>
            <param index="0">
              <value>
                <![CDATA[org.testng.TestRunner@4e1104f4]]>
              </value>
            </param>
          </params>
          <reporter-output>
          </reporter-output>
        </test-method> <!-- setUpClass -->
        <test-method signature="runScenario(io.cucumber.testng.PickleWrapper,io.cucumber.testng.FeatureWrapper)[pri:0, instance:testRunner.RunnerTestNG@17fc391b]" started-at="2024-11-25T15:35:46 IST" name="runScenario" description="Runs Cucumber Scenarios" data-provider="scenarios" finished-at="2024-11-25T15:38:29 IST" duration-ms="162791" status="PASS">
          <params>
            <param index="0">
              <value>
                <![CDATA["Valdiate Whether User is able to create an RG with Single Contact"]]>
              </value>
            </param>
            <param index="1">
              <value>
                <![CDATA["Request Group Scenarios"]]>
              </value>
            </param>
          </params>
          <reporter-output>
          </reporter-output>
        </test-method> <!-- runScenario -->
        <test-method is-config="true" signature="tearDownClass()[pri:0, instance:testRunner.RunnerTestNG@17fc391b]" started-at="2024-11-25T15:38:29 IST" name="tearDownClass" finished-at="2024-11-25T15:38:29 IST" duration-ms="54" status="PASS">
          <reporter-output>
          </reporter-output>
        </test-method> <!-- tearDownClass -->
      </class> <!-- testRunner.RunnerTestNG -->
    </test> <!-- Default test -->
  </suite> <!-- Default suite -->
</testng-results>
